<?xml version="1.0" encoding="UTF-8"?>
<!-- Generated by org.testng.reporters.JUnitXMLReporter -->
<testsuite ignored="0" hostname="PF5LQBND" failures="0" tests="0" name="Linux-Firefox" time="0.319" errors="0" timestamp="2025-07-20T10:41:07 IST">
  <testcase classname="testBase.BaseClass" name="@AfterClass tearDown" time="0.002">
    <failure type="java.lang.NullPointerException" message="Cannot invoke &amp;quot;org.openqa.selenium.WebDriver.quit()&amp;quot; because &amp;quot;testBase.BaseClass.driver&amp;quot; is null">
      <![CDATA[java.lang.NullPointerException: Cannot invoke "org.openqa.selenium.WebDriver.quit()" because "testBase.BaseClass.driver" is null
at testBase.BaseClass.tearDown(BaseClass.java:100)
at java.base/java.util.ArrayList.forEach(ArrayList.java:1596)
... Removed 24 stack frames]]>
    </failure>
  </testcase> <!-- @AfterClass tearDown -->
</testsuite> <!-- Linux-Firefox -->
